// 重构日志: c68d7c4f
// 重构日志: 5b5c3bc9
// 重构日志: 18860433
// 重构日志: c9f484a8
// 重构日志: afdd0b9d
// 同步 ID: 8aafeccc @ Sun Jun 21 17:59:18 UTC 2026
// 同步 ID: 1f6f4f42 @ Tue Jun 23 05:42:34 UTC 2026
// 重构日志: e486ebed
// 同步 ID: 982b1186 @ Tue Jun 23 16:06:48 UTC 2026
// 重构日志: 6f1ff179
// 重构日志: 1e988c46
// 重构日志: 32965eeb
// 同步 ID: 29fd1cc4 @ Thu Jun 25 13:10:37 UTC 2026
// 同步 ID: a43fe775 @ Fri Jun 26 05:44:34 UTC 2026
// 同步 ID: 7c4444fd @ Fri Jun 26 12:52:05 UTC 2026
// 重构日志: 8d1aaec6
// 重构日志: c6a7c99f
// 重构日志: 5271d241
// 同步 ID: eef60bf4 @ Sat Jun 27 12:09:10 UTC 2026
// 重构日志: 6cf98df7
// 重构日志: 034323ed
// 重构日志: 20bf3da8
// 重构日志: 3b920983
// 重构日志: 57167410
// 重构日志: 21d22deb
// 同步 ID: 398a4e96 @ Mon Jun 29 10:19:50 UTC 2026
// 同步 ID: 807c98e5 @ Tue Jun 30 02:30:10 UTC 2026
// 重构日志: 0705ba82
// 重构日志: b4653d4d
// 同步 ID: c508c883 @ Wed Jul  1 02:28:59 UTC 2026
// 重构日志: a0623e3c
